<?xml version="1.0" encoding="UTF-8"?>
<!-- Generated by org.testng.reporters.JUnitXMLReporter -->
<testsuite hostname="DESKTOP-CEP0DE1" ignored="0" name="Validating Title of Homepage" tests="1" failures="1" timestamp="2021-01-31T20:24:16 EST" time="42.28" errors="0">
  <testcase name="Validatingtitle" time="13.583" classname="Amazon.EndtoEndProject.AmazonValidateTitle">
    <failure type="java.lang.AssertionError" message="expected [Homepage] but found [Amazon.ca: Low Prices – Fast Shipping – Millions of Items]">
      <![CDATA[java.lang.AssertionError: expected [Homepage] but found [Amazon.ca: Low Prices – Fast Shipping – Millions of Items]
at Amazon.EndtoEndProject.AmazonValidateTitle.Validatingtitle(AmazonValidateTitle.java:37)
at java.util.ArrayList.forEach(ArrayList.java:1249)
at java.util.concurrent.FutureTask.run(FutureTask.java:266)
at java.util.concurrent.ThreadPoolExecutor.runWorker(ThreadPoolExecutor.java:1142)
at java.util.concurrent.ThreadPoolExecutor$Worker.run(ThreadPoolExecutor.java:617)
at java.lang.Thread.run(Thread.java:745)
... Removed 24 stack frames]]>
    </failure>
  </testcase> <!-- Validatingtitle -->
</testsuite> <!-- Validating Title of Homepage -->
