<?xml version="1.0" encoding="UTF-8"?>
<testng-results skipped="0" failed="3" ignored="0" total="8" passed="5">
  <reporter-output>
  </reporter-output>
  <suite name="Suite" duration-ms="85514" started-at="2021-01-30T15:25:10 EST" finished-at="2021-01-30T15:26:36 EST">
    <groups>
    </groups>
    <test name="Test" duration-ms="12" started-at="2021-01-30T15:25:10 EST" finished-at="2021-01-30T15:25:10 EST">
    </test> <!-- Test -->
    <test name="Validating Title of Homepage" duration-ms="30290" started-at="2021-01-30T15:25:10 EST" finished-at="2021-01-30T15:25:40 EST">
      <class name="Amazon.EndtoEndProject.AmazonValidateTitle">
        <test-method status="PASS" signature="initialize()[pri:0, instance:Amazon.EndtoEndProject.AmazonValidateTitle@815b41f]" name="initialize" is-config="true" duration-ms="6189" started-at="2021-01-30T15:25:10 EST" finished-at="2021-01-30T15:25:16 EST">
          <reporter-output>
          </reporter-output>
        </test-method> <!-- initialize -->
        <test-method status="FAIL" signature="Validatingtitle()[pri:1, instance:Amazon.EndtoEndProject.AmazonValidateTitle@815b41f]" name="Validatingtitle" duration-ms="9473" started-at="2021-01-30T15:25:16 EST" description="Validating title" finished-at="2021-01-30T15:25:26 EST">
          <exception class="java.lang.AssertionError">
            <message>
              <![CDATA[expected [Homepage] but found [Amazon.ca: Low Prices – Fast Shipping – Millions of Items]]]>
            </message>
            <full-stacktrace>
              <![CDATA[java.lang.AssertionError: expected [Homepage] but found [Amazon.ca: Low Prices – Fast Shipping – Millions of Items]
at org.testng.Assert.fail(Assert.java:99)
at org.testng.Assert.failNotEquals(Assert.java:1037)
at org.testng.Assert.assertEqualsImpl(Assert.java:140)
at org.testng.Assert.assertEquals(Assert.java:122)
at org.testng.Assert.assertEquals(Assert.java:629)
at org.testng.Assert.assertEquals(Assert.java:639)
at Amazon.EndtoEndProject.AmazonValidateTitle.Validatingtitle(AmazonValidateTitle.java:37)
at sun.reflect.NativeMethodAccessorImpl.invoke0(Native Method)
at sun.reflect.NativeMethodAccessorImpl.invoke(NativeMethodAccessorImpl.java:62)
at sun.reflect.DelegatingMethodAccessorImpl.invoke(DelegatingMethodAccessorImpl.java:43)
at java.lang.reflect.Method.invoke(Method.java:497)
at org.testng.internal.MethodInvocationHelper.invokeMethod(MethodInvocationHelper.java:132)
at org.testng.internal.TestInvoker.invokeMethod(TestInvoker.java:599)
at org.testng.internal.TestInvoker.invokeTestMethod(TestInvoker.java:174)
at org.testng.internal.MethodRunner.runInSequence(MethodRunner.java:46)
at org.testng.internal.TestInvoker$MethodInvocationAgent.invoke(TestInvoker.java:822)
at org.testng.internal.TestInvoker.invokeTestMethods(TestInvoker.java:147)
at org.testng.internal.TestMethodWorker.invokeTestMethods(TestMethodWorker.java:146)
at org.testng.internal.TestMethodWorker.run(TestMethodWorker.java:128)
at java.util.ArrayList.forEach(ArrayList.java:1249)
at org.testng.TestRunner.privateRun(TestRunner.java:764)
at org.testng.TestRunner.run(TestRunner.java:585)
at org.testng.SuiteRunner.runTest(SuiteRunner.java:384)
at org.testng.SuiteRunner.access$000(SuiteRunner.java:28)
at org.testng.SuiteRunner$SuiteWorker.run(SuiteRunner.java:425)
at org.testng.internal.thread.ThreadUtil.lambda$execute$0(ThreadUtil.java:66)
at java.util.concurrent.FutureTask.run(FutureTask.java:266)
at java.util.concurrent.ThreadPoolExecutor.runWorker(ThreadPoolExecutor.java:1142)
at java.util.concurrent.ThreadPoolExecutor$Worker.run(ThreadPoolExecutor.java:617)
at java.lang.Thread.run(Thread.java:745)
]]>
            </full-stacktrace>
          </exception> <!-- java.lang.AssertionError -->
          <reporter-output>
          </reporter-output>
        </test-method> <!-- Validatingtitle -->
        <test-method status="PASS" signature="Teardown()[pri:0, instance:Amazon.EndtoEndProject.AmazonValidateTitle@815b41f]" name="Teardown" is-config="true" duration-ms="11905" started-at="2021-01-30T15:25:29 EST" finished-at="2021-01-30T15:25:40 EST">
          <reporter-output>
          </reporter-output>
        </test-method> <!-- Teardown -->
      </class> <!-- Amazon.EndtoEndProject.AmazonValidateTitle -->
    </test> <!-- Validating Title of Homepage -->
    <test name="Adding Same item in cart through different methods and validating" duration-ms="68909" started-at="2021-01-30T15:25:10 EST" finished-at="2021-01-30T15:26:19 EST">
      <class name="Amazon.EndtoEndProject.AmazonAddingSameItemstoCart">
        <test-method status="PASS" signature="initialize()[pri:0, instance:Amazon.EndtoEndProject.AmazonAddingSameItemstoCart@4c402120]" name="initialize" is-config="true" duration-ms="6377" started-at="2021-01-30T15:25:10 EST" finished-at="2021-01-30T15:25:17 EST">
          <reporter-output>
          </reporter-output>
        </test-method> <!-- initialize -->
        <test-method status="FAIL" signature="HomePage()[pri:1, instance:Amazon.EndtoEndProject.AmazonAddingSameItemstoCart@4c402120]" name="HomePage" duration-ms="37511" started-at="2021-01-30T15:25:17 EST" description="Adding an item to cart and verifying its price" finished-at="2021-01-30T15:25:54 EST">
          <exception class="org.openqa.selenium.NoSuchElementException">
            <message>
              <![CDATA[no such element: Unable to locate element: {"method":"xpath","selector":"//span[contains(text(),'Apple iPhone 11 Pro Max, 256GB, Midnight Green, Fully Unlocked (Renewed)')]"}
  (Session info: chrome=87.0.4280.141)
For documentation on this error, please visit: https://www.seleniumhq.org/exceptions/no_such_element.html
Build info: version: '3.141.59', revision: 'e82be7d358', time: '2018-11-14T08:17:03'
System info: host: 'DESKTOP-CEP0DE1', ip: '10.0.0.242', os.name: 'Windows 10', os.arch: 'amd64', os.version: '10.0', java.version: '1.8.0_65'
Driver info: org.openqa.selenium.chrome.ChromeDriver
Capabilities {acceptInsecureCerts: false, browserName: chrome, browserVersion: 87.0.4280.141, chrome: {chromedriverVersion: 87.0.4280.88 (89e2380a3e36c..., userDataDir: C:\Users\Tooba\AppData\Loca...}, goog:chromeOptions: {debuggerAddress: localhost:53867}, javascriptEnabled: true, networkConnectionEnabled: false, pageLoadStrategy: normal, platform: WINDOWS, platformName: WINDOWS, proxy: Proxy(), setWindowRect: true, strictFileInteractability: false, timeouts: {implicit: 0, pageLoad: 300000, script: 30000}, unhandledPromptBehavior: dismiss and notify, webauthn:virtualAuthenticators: true}
Session ID: 6b602543a0c30217c3968e92911fe49e
*** Element info: {Using=xpath, value=//span[contains(text(),'Apple iPhone 11 Pro Max, 256GB, Midnight Green, Fully Unlocked (Renewed)')]}]]>
            </message>
            <full-stacktrace>
              <![CDATA[org.openqa.selenium.NoSuchElementException: no such element: Unable to locate element: {"method":"xpath","selector":"//span[contains(text(),'Apple iPhone 11 Pro Max, 256GB, Midnight Green, Fully Unlocked (Renewed)')]"}
  (Session info: chrome=87.0.4280.141)
For documentation on this error, please visit: https://www.seleniumhq.org/exceptions/no_such_element.html
Build info: version: '3.141.59', revision: 'e82be7d358', time: '2018-11-14T08:17:03'
System info: host: 'DESKTOP-CEP0DE1', ip: '10.0.0.242', os.name: 'Windows 10', os.arch: 'amd64', os.version: '10.0', java.version: '1.8.0_65'
Driver info: org.openqa.selenium.chrome.ChromeDriver
Capabilities {acceptInsecureCerts: false, browserName: chrome, browserVersion: 87.0.4280.141, chrome: {chromedriverVersion: 87.0.4280.88 (89e2380a3e36c..., userDataDir: C:\Users\Tooba\AppData\Loca...}, goog:chromeOptions: {debuggerAddress: localhost:53867}, javascriptEnabled: true, networkConnectionEnabled: false, pageLoadStrategy: normal, platform: WINDOWS, platformName: WINDOWS, proxy: Proxy(), setWindowRect: true, strictFileInteractability: false, timeouts: {implicit: 0, pageLoad: 300000, script: 30000}, unhandledPromptBehavior: dismiss and notify, webauthn:virtualAuthenticators: true}
Session ID: 6b602543a0c30217c3968e92911fe49e
*** Element info: {Using=xpath, value=//span[contains(text(),'Apple iPhone 11 Pro Max, 256GB, Midnight Green, Fully Unlocked (Renewed)')]}
at sun.reflect.NativeConstructorAccessorImpl.newInstance0(Native Method)
at sun.reflect.NativeConstructorAccessorImpl.newInstance(NativeConstructorAccessorImpl.java:62)
at sun.reflect.DelegatingConstructorAccessorImpl.newInstance(DelegatingConstructorAccessorImpl.java:45)
at java.lang.reflect.Constructor.newInstance(Constructor.java:422)
at org.openqa.selenium.remote.http.W3CHttpResponseCodec.createException(W3CHttpResponseCodec.java:187)
at org.openqa.selenium.remote.http.W3CHttpResponseCodec.decode(W3CHttpResponseCodec.java:122)
at org.openqa.selenium.remote.http.W3CHttpResponseCodec.decode(W3CHttpResponseCodec.java:49)
at org.openqa.selenium.remote.HttpCommandExecutor.execute(HttpCommandExecutor.java:158)
at org.openqa.selenium.remote.service.DriverCommandExecutor.execute(DriverCommandExecutor.java:83)
at org.openqa.selenium.remote.RemoteWebDriver.execute(RemoteWebDriver.java:552)
at org.openqa.selenium.remote.RemoteWebDriver.findElement(RemoteWebDriver.java:323)
at org.openqa.selenium.remote.RemoteWebDriver.findElementByXPath(RemoteWebDriver.java:428)
at org.openqa.selenium.By$ByXPath.findElement(By.java:353)
at org.openqa.selenium.remote.RemoteWebDriver.findElement(RemoteWebDriver.java:315)
at pageobjects.IphoneSearchPage.iphone(IphoneSearchPage.java:27)
at Amazon.EndtoEndProject.AmazonAddingSameItemstoCart.HomePage(AmazonAddingSameItemstoCart.java:57)
at sun.reflect.NativeMethodAccessorImpl.invoke0(Native Method)
at sun.reflect.NativeMethodAccessorImpl.invoke(NativeMethodAccessorImpl.java:62)
at sun.reflect.DelegatingMethodAccessorImpl.invoke(DelegatingMethodAccessorImpl.java:43)
at java.lang.reflect.Method.invoke(Method.java:497)
at org.testng.internal.MethodInvocationHelper.invokeMethod(MethodInvocationHelper.java:132)
at org.testng.internal.TestInvoker.invokeMethod(TestInvoker.java:599)
at org.testng.internal.TestInvoker.invokeTestMethod(TestInvoker.java:174)
at org.testng.internal.MethodRunner.runInSequence(MethodRunner.java:46)
at org.testng.internal.TestInvoker$MethodInvocationAgent.invoke(TestInvoker.java:822)
at org.testng.internal.TestInvoker.invokeTestMethods(TestInvoker.java:147)
at org.testng.internal.TestMethodWorker.invokeTestMethods(TestMethodWorker.java:146)
at org.testng.internal.TestMethodWorker.run(TestMethodWorker.java:128)
at java.util.ArrayList.forEach(ArrayList.java:1249)
at org.testng.TestRunner.privateRun(TestRunner.java:764)
at org.testng.TestRunner.run(TestRunner.java:585)
at org.testng.SuiteRunner.runTest(SuiteRunner.java:384)
at org.testng.SuiteRunner.access$000(SuiteRunner.java:28)
at org.testng.SuiteRunner$SuiteWorker.run(SuiteRunner.java:425)
at org.testng.internal.thread.ThreadUtil.lambda$execute$0(ThreadUtil.java:66)
at java.util.concurrent.FutureTask.run(FutureTask.java:266)
at java.util.concurrent.ThreadPoolExecutor.runWorker(ThreadPoolExecutor.java:1142)
at java.util.concurrent.ThreadPoolExecutor$Worker.run(ThreadPoolExecutor.java:617)
at java.lang.Thread.run(Thread.java:745)
]]>
            </full-stacktrace>
          </exception> <!-- org.openqa.selenium.NoSuchElementException -->
          <reporter-output>
          </reporter-output>
        </test-method> <!-- HomePage -->
        <test-method status="FAIL" signature="Increasequantity()[pri:2, instance:Amazon.EndtoEndProject.AmazonAddingSameItemstoCart@4c402120]" name="Increasequantity" duration-ms="11279" started-at="2021-01-30T15:25:55 EST" description="Increasing quantity of item by different methods and validating" finished-at="2021-01-30T15:26:06 EST">
          <exception class="org.openqa.selenium.NoSuchElementException">
            <message>
              <![CDATA[no such element: Unable to locate element: {"method":"css selector","selector":"#sc\-update\-quantity\-select_2"}
  (Session info: chrome=87.0.4280.141)
For documentation on this error, please visit: https://www.seleniumhq.org/exceptions/no_such_element.html
Build info: version: '3.141.59', revision: 'e82be7d358', time: '2018-11-14T08:17:03'
System info: host: 'DESKTOP-CEP0DE1', ip: '10.0.0.242', os.name: 'Windows 10', os.arch: 'amd64', os.version: '10.0', java.version: '1.8.0_65'
Driver info: org.openqa.selenium.chrome.ChromeDriver
Capabilities {acceptInsecureCerts: false, browserName: chrome, browserVersion: 87.0.4280.141, chrome: {chromedriverVersion: 87.0.4280.88 (89e2380a3e36c..., userDataDir: C:\Users\Tooba\AppData\Loca...}, goog:chromeOptions: {debuggerAddress: localhost:53867}, javascriptEnabled: true, networkConnectionEnabled: false, pageLoadStrategy: normal, platform: WINDOWS, platformName: WINDOWS, proxy: Proxy(), setWindowRect: true, strictFileInteractability: false, timeouts: {implicit: 0, pageLoad: 300000, script: 30000}, unhandledPromptBehavior: dismiss and notify, webauthn:virtualAuthenticators: true}
Session ID: 6b602543a0c30217c3968e92911fe49e
*** Element info: {Using=id, value=sc-update-quantity-select_2}]]>
            </message>
            <full-stacktrace>
              <![CDATA[org.openqa.selenium.NoSuchElementException: no such element: Unable to locate element: {"method":"css selector","selector":"#sc\-update\-quantity\-select_2"}
  (Session info: chrome=87.0.4280.141)
For documentation on this error, please visit: https://www.seleniumhq.org/exceptions/no_such_element.html
Build info: version: '3.141.59', revision: 'e82be7d358', time: '2018-11-14T08:17:03'
System info: host: 'DESKTOP-CEP0DE1', ip: '10.0.0.242', os.name: 'Windows 10', os.arch: 'amd64', os.version: '10.0', java.version: '1.8.0_65'
Driver info: org.openqa.selenium.chrome.ChromeDriver
Capabilities {acceptInsecureCerts: false, browserName: chrome, browserVersion: 87.0.4280.141, chrome: {chromedriverVersion: 87.0.4280.88 (89e2380a3e36c..., userDataDir: C:\Users\Tooba\AppData\Loca...}, goog:chromeOptions: {debuggerAddress: localhost:53867}, javascriptEnabled: true, networkConnectionEnabled: false, pageLoadStrategy: normal, platform: WINDOWS, platformName: WINDOWS, proxy: Proxy(), setWindowRect: true, strictFileInteractability: false, timeouts: {implicit: 0, pageLoad: 300000, script: 30000}, unhandledPromptBehavior: dismiss and notify, webauthn:virtualAuthenticators: true}
Session ID: 6b602543a0c30217c3968e92911fe49e
*** Element info: {Using=id, value=sc-update-quantity-select_2}
at sun.reflect.NativeConstructorAccessorImpl.newInstance0(Native Method)
at sun.reflect.NativeConstructorAccessorImpl.newInstance(NativeConstructorAccessorImpl.java:62)
at sun.reflect.DelegatingConstructorAccessorImpl.newInstance(DelegatingConstructorAccessorImpl.java:45)
at java.lang.reflect.Constructor.newInstance(Constructor.java:422)
at org.openqa.selenium.remote.http.W3CHttpResponseCodec.createException(W3CHttpResponseCodec.java:187)
at org.openqa.selenium.remote.http.W3CHttpResponseCodec.decode(W3CHttpResponseCodec.java:122)
at org.openqa.selenium.remote.http.W3CHttpResponseCodec.decode(W3CHttpResponseCodec.java:49)
at org.openqa.selenium.remote.HttpCommandExecutor.execute(HttpCommandExecutor.java:158)
at org.openqa.selenium.remote.service.DriverCommandExecutor.execute(DriverCommandExecutor.java:83)
at org.openqa.selenium.remote.RemoteWebDriver.execute(RemoteWebDriver.java:552)
at org.openqa.selenium.remote.RemoteWebDriver.findElement(RemoteWebDriver.java:323)
at org.openqa.selenium.remote.RemoteWebDriver.findElementById(RemoteWebDriver.java:372)
at org.openqa.selenium.By$ById.findElement(By.java:188)
at org.openqa.selenium.remote.RemoteWebDriver.findElement(RemoteWebDriver.java:315)
at pageobjects.CartItems.increasequantityto2(CartItems.java:45)
at Amazon.EndtoEndProject.AmazonAddingSameItemstoCart.Increasequantity(AmazonAddingSameItemstoCart.java:101)
at sun.reflect.NativeMethodAccessorImpl.invoke0(Native Method)
at sun.reflect.NativeMethodAccessorImpl.invoke(NativeMethodAccessorImpl.java:62)
at sun.reflect.DelegatingMethodAccessorImpl.invoke(DelegatingMethodAccessorImpl.java:43)
at java.lang.reflect.Method.invoke(Method.java:497)
at org.testng.internal.MethodInvocationHelper.invokeMethod(MethodInvocationHelper.java:132)
at org.testng.internal.TestInvoker.invokeMethod(TestInvoker.java:599)
at org.testng.internal.TestInvoker.invokeTestMethod(TestInvoker.java:174)
at org.testng.internal.MethodRunner.runInSequence(MethodRunner.java:46)
at org.testng.internal.TestInvoker$MethodInvocationAgent.invoke(TestInvoker.java:822)
at org.testng.internal.TestInvoker.invokeTestMethods(TestInvoker.java:147)
at org.testng.internal.TestMethodWorker.invokeTestMethods(TestMethodWorker.java:146)
at org.testng.internal.TestMethodWorker.run(TestMethodWorker.java:128)
at java.util.ArrayList.forEach(ArrayList.java:1249)
at org.testng.TestRunner.privateRun(TestRunner.java:764)
at org.testng.TestRunner.run(TestRunner.java:585)
at org.testng.SuiteRunner.runTest(SuiteRunner.java:384)
at org.testng.SuiteRunner.access$000(SuiteRunner.java:28)
at org.testng.SuiteRunner$SuiteWorker.run(SuiteRunner.java:425)
at org.testng.internal.thread.ThreadUtil.lambda$execute$0(ThreadUtil.java:66)
at java.util.concurrent.FutureTask.run(FutureTask.java:266)
at java.util.concurrent.ThreadPoolExecutor.runWorker(ThreadPoolExecutor.java:1142)
at java.util.concurrent.ThreadPoolExecutor$Worker.run(ThreadPoolExecutor.java:617)
at java.lang.Thread.run(Thread.java:745)
]]>
            </full-stacktrace>
          </exception> <!-- org.openqa.selenium.NoSuchElementException -->
          <reporter-output>
          </reporter-output>
        </test-method> <!-- Increasequantity -->
        <test-method status="PASS" signature="Teardown()[pri:0, instance:Amazon.EndtoEndProject.AmazonAddingSameItemstoCart@4c402120]" name="Teardown" is-config="true" duration-ms="10689" started-at="2021-01-30T15:26:08 EST" finished-at="2021-01-30T15:26:19 EST">
          <reporter-output>
          </reporter-output>
        </test-method> <!-- Teardown -->
      </class> <!-- Amazon.EndtoEndProject.AmazonAddingSameItemstoCart -->
    </test> <!-- Adding Same item in cart through different methods and validating -->
    <test name="Validating LoginPage" duration-ms="73972" started-at="2021-01-30T15:25:10 EST" finished-at="2021-01-30T15:26:24 EST">
      <class name="Amazon.EndtoEndProject.AmazonLogin">
        <test-method status="PASS" signature="initialize()[pri:0, instance:Amazon.EndtoEndProject.AmazonLogin@f5958c9]" name="initialize" is-config="true" duration-ms="6485" started-at="2021-01-30T15:25:10 EST" finished-at="2021-01-30T15:25:17 EST">
          <reporter-output>
          </reporter-output>
        </test-method> <!-- initialize -->
        <test-method status="PASS" signature="loginPagaNavigation(java.lang.String, java.lang.String, java.lang.String)[pri:0, instance:Amazon.EndtoEndProject.AmazonLogin@f5958c9]" name="loginPagaNavigation" duration-ms="31207" started-at="2021-01-30T15:25:17 EST" data-provider="getData" finished-at="2021-01-30T15:25:48 EST">
          <params>
            <param index="0">
              <value>
                <![CDATA[tooba.rasheed94@gmail.com]]>
              </value>
            </param>
            <param index="1">
              <value>
                <![CDATA[123456]]>
              </value>
            </param>
            <param index="2">
              <value>
                <![CDATA[Wrong pw]]>
              </value>
            </param>
          </params>
          <reporter-output>
          </reporter-output>
        </test-method> <!-- loginPagaNavigation -->
        <test-method status="PASS" signature="loginPagaNavigation(java.lang.String, java.lang.String, java.lang.String)[pri:0, instance:Amazon.EndtoEndProject.AmazonLogin@f5958c9]" name="loginPagaNavigation" duration-ms="8677" started-at="2021-01-30T15:25:48 EST" data-provider="getData" finished-at="2021-01-30T15:25:57 EST">
          <params>
            <param index="0">
              <value>
                <![CDATA[restricteduser@qw.com]]>
              </value>
            </param>
            <param index="1">
              <value>
                <![CDATA[456788]]>
              </value>
            </param>
            <param index="2">
              <value>
                <![CDATA[Wrong ID]]>
              </value>
            </param>
          </params>
          <reporter-output>
          </reporter-output>
        </test-method> <!-- loginPagaNavigation -->
        <test-method status="PASS" signature="loginPagaNavigation(java.lang.String, java.lang.String, java.lang.String)[pri:0, instance:Amazon.EndtoEndProject.AmazonLogin@f5958c9]" name="loginPagaNavigation" duration-ms="26664" started-at="2021-01-30T15:25:57 EST" data-provider="getData" finished-at="2021-01-30T15:26:23 EST">
          <params>
            <param index="0">
              <value>
                <![CDATA[tooba.rasheed94@gmail.com]]>
              </value>
            </param>
            <param index="1">
              <value>
                <![CDATA[Juwerian]]>
              </value>
            </param>
            <param index="2">
              <value>
                <![CDATA[Correct user]]>
              </value>
            </param>
          </params>
          <reporter-output>
          </reporter-output>
        </test-method> <!-- loginPagaNavigation -->
        <test-method status="PASS" signature="teardown()[pri:0, instance:Amazon.EndtoEndProject.AmazonLogin@f5958c9]" name="teardown" is-config="true" duration-ms="910" started-at="2021-01-30T15:26:23 EST" finished-at="2021-01-30T15:26:24 EST">
          <reporter-output>
          </reporter-output>
        </test-method> <!-- teardown -->
      </class> <!-- Amazon.EndtoEndProject.AmazonLogin -->
    </test> <!-- Validating LoginPage -->
    <test name="Adding Multiple items in cart and validating" duration-ms="85514" started-at="2021-01-30T15:25:10 EST" finished-at="2021-01-30T15:26:36 EST">
      <class name="Amazon.EndtoEndProject.AmazonAddingMultipleItemstoCart">
        <test-method status="PASS" signature="initialize()[pri:0, instance:Amazon.EndtoEndProject.AmazonAddingMultipleItemstoCart@618b19ad]" name="initialize" is-config="true" duration-ms="6403" started-at="2021-01-30T15:25:10 EST" finished-at="2021-01-30T15:25:17 EST">
          <reporter-output>
          </reporter-output>
        </test-method> <!-- initialize -->
        <test-method status="PASS" signature="AddingMultipleItems()[pri:1, instance:Amazon.EndtoEndProject.AmazonAddingMultipleItemstoCart@618b19ad]" name="AddingMultipleItems" duration-ms="67424" started-at="2021-01-30T15:25:17 EST" description="Adding multiple items" finished-at="2021-01-30T15:26:24 EST">
          <reporter-output>
          </reporter-output>
        </test-method> <!-- AddingMultipleItems -->
        <test-method status="PASS" signature="RemovingAllItems()[pri:2, instance:Amazon.EndtoEndProject.AmazonAddingMultipleItemstoCart@618b19ad]" name="RemovingAllItems" duration-ms="10881" started-at="2021-01-30T15:26:24 EST" description="Removing all items and verifying it" finished-at="2021-01-30T15:26:35 EST">
          <reporter-output>
          </reporter-output>
        </test-method> <!-- RemovingAllItems -->
        <test-method status="PASS" signature="Teardown()[pri:0, instance:Amazon.EndtoEndProject.AmazonAddingMultipleItemstoCart@618b19ad]" name="Teardown" is-config="true" duration-ms="782" started-at="2021-01-30T15:26:35 EST" finished-at="2021-01-30T15:26:36 EST">
          <reporter-output>
          </reporter-output>
        </test-method> <!-- Teardown -->
      </class> <!-- Amazon.EndtoEndProject.AmazonAddingMultipleItemstoCart -->
    </test> <!-- Adding Multiple items in cart and validating -->
  </suite> <!-- Suite -->
</testng-results>
